<?xml version="1.0" encoding="UTF-8"?>
<!-- Generated by org.testng.reporters.JUnitXMLReporter -->
<testsuite hostname="SACHIN-PC" ignored="1" name="Default test" tests="2" failures="0" timestamp="28 Jul 2019 12:21:05 GMT" time="0.319" errors="0">
  <testcase name="loginTest" time="0.024" classname="testNG.F_DependsOnMethod"/>
  <testcase name="composeMail" time="0.007" classname="testNG.F_DependsOnMethod"/>
  <testcase name="verify" time="0.0" classname="testNG.F_DependsOnMethod">
    <ignored/>
  </testcase> <!-- verify -->
</testsuite> <!-- Default test -->
