<?xml version="1.0" encoding="UTF-8"?>
<testng-results skipped="0" failed="0" ignored="1" total="3" passed="2">
  <reporter-output>
  </reporter-output>
  <suite name="Default suite" duration-ms="319" started-at="2019-07-28T12:21:05Z" finished-at="2019-07-28T12:21:05Z">
    <groups>
    </groups>
    <test name="Default test" duration-ms="319" started-at="2019-07-28T12:21:05Z" finished-at="2019-07-28T12:21:05Z">
      <class name="testNG.F_DependsOnMethod">
        <test-method status="PASS" signature="beforeClass()[pri:0, instance:testNG.F_DependsOnMethod@19f379]" name="beforeClass" is-config="true" duration-ms="156" started-at="2019-07-28T17:51:05Z" finished-at="2019-07-28T17:51:05Z">
          <reporter-output>
          </reporter-output>
        </test-method> <!-- beforeClass -->
        <test-method status="PASS" signature="loginTest()[pri:0, instance:testNG.F_DependsOnMethod@19f379]" name="loginTest" duration-ms="24" started-at="2019-07-28T17:51:05Z" finished-at="2019-07-28T17:51:05Z">
          <reporter-output>
          </reporter-output>
        </test-method> <!-- loginTest -->
        <test-method status="PASS" signature="composeMail()[pri:0, instance:testNG.F_DependsOnMethod@19f379]" name="composeMail" duration-ms="7" started-at="2019-07-28T17:51:05Z" depends-on-methods="testNG.F_DependsOnMethod.loginTest" finished-at="2019-07-28T17:51:05Z">
          <reporter-output>
          </reporter-output>
        </test-method> <!-- composeMail -->
        <test-method status="PASS" signature="afterClass()[pri:0, instance:testNG.F_DependsOnMethod@19f379]" name="afterClass" is-config="true" duration-ms="1" started-at="2019-07-28T17:51:05Z" finished-at="2019-07-28T17:51:05Z">
          <reporter-output>
          </reporter-output>
        </test-method> <!-- afterClass -->
      </class> <!-- testNG.F_DependsOnMethod -->
    </test> <!-- Default test -->
  </suite> <!-- Default suite -->
</testng-results>
