<?xml version="1.0" encoding="UTF-8"?>
<testng-results skipped="0" failed="0" ignored="0" total="2" passed="2">
  <reporter-output>
  </reporter-output>
  <suite name="Default suite" duration-ms="152" started-at="2019-07-24T19:20:46Z" finished-at="2019-07-24T19:20:47Z">
    <groups>
    </groups>
    <test name="Default test" duration-ms="152" started-at="2019-07-24T19:20:46Z" finished-at="2019-07-24T19:20:47Z">
      <class name="testNG.TestNG_Annotations">
        <test-method status="PASS" signature="beforeSuite()[pri:0, instance:testNG.TestNG_Annotations@e2abd]" name="beforeSuite" is-config="true" duration-ms="45" started-at="2019-07-25T00:50:46Z" finished-at="2019-07-25T00:50:46Z">
          <reporter-output>
          </reporter-output>
        </test-method> <!-- beforeSuite -->
        <test-method status="PASS" signature="beforeTest()[pri:0, instance:testNG.TestNG_Annotations@e2abd]" name="beforeTest" is-config="true" duration-ms="1" started-at="2019-07-25T00:50:46Z" finished-at="2019-07-25T00:50:46Z">
          <reporter-output>
          </reporter-output>
        </test-method> <!-- beforeTest -->
        <test-method status="PASS" signature="beforeClass()[pri:0, instance:testNG.TestNG_Annotations@e2abd]" name="beforeClass" is-config="true" duration-ms="1" started-at="2019-07-25T00:50:46Z" finished-at="2019-07-25T00:50:46Z">
          <reporter-output>
          </reporter-output>
        </test-method> <!-- beforeClass -->
        <test-method status="PASS" signature="beforeMethod()[pri:0, instance:testNG.TestNG_Annotations@e2abd]" name="beforeMethod" is-config="true" duration-ms="1" started-at="2019-07-25T00:50:47Z" finished-at="2019-07-25T00:50:47Z">
          <reporter-output>
          </reporter-output>
        </test-method> <!-- beforeMethod -->
        <test-method status="PASS" signature="method1()[pri:0, instance:testNG.TestNG_Annotations@e2abd]" name="method1" duration-ms="34" started-at="2019-07-25T00:50:47Z" finished-at="2019-07-25T00:50:47Z">
          <reporter-output>
          </reporter-output>
        </test-method> <!-- method1 -->
        <test-method status="PASS" signature="afterMethod()[pri:0, instance:testNG.TestNG_Annotations@e2abd]" name="afterMethod" is-config="true" duration-ms="1" started-at="2019-07-25T00:50:47Z" finished-at="2019-07-25T00:50:47Z">
          <reporter-output>
          </reporter-output>
        </test-method> <!-- afterMethod -->
        <test-method status="PASS" signature="beforeMethod()[pri:0, instance:testNG.TestNG_Annotations@e2abd]" name="beforeMethod" is-config="true" duration-ms="1" started-at="2019-07-25T00:50:47Z" finished-at="2019-07-25T00:50:47Z">
          <reporter-output>
          </reporter-output>
        </test-method> <!-- beforeMethod -->
        <test-method status="PASS" signature="method2()[pri:0, instance:testNG.TestNG_Annotations@e2abd]" name="method2" duration-ms="11" started-at="2019-07-25T00:50:47Z" finished-at="2019-07-25T00:50:47Z">
          <reporter-output>
          </reporter-output>
        </test-method> <!-- method2 -->
        <test-method status="PASS" signature="afterMethod()[pri:0, instance:testNG.TestNG_Annotations@e2abd]" name="afterMethod" is-config="true" duration-ms="1" started-at="2019-07-25T00:50:47Z" finished-at="2019-07-25T00:50:47Z">
          <reporter-output>
          </reporter-output>
        </test-method> <!-- afterMethod -->
        <test-method status="PASS" signature="afterClass()[pri:0, instance:testNG.TestNG_Annotations@e2abd]" name="afterClass" is-config="true" duration-ms="1" started-at="2019-07-25T00:50:47Z" finished-at="2019-07-25T00:50:47Z">
          <reporter-output>
          </reporter-output>
        </test-method> <!-- afterClass -->
        <test-method status="PASS" signature="afterTest()[pri:0, instance:testNG.TestNG_Annotations@e2abd]" name="afterTest" is-config="true" duration-ms="1" started-at="2019-07-25T00:50:47Z" finished-at="2019-07-25T00:50:47Z">
          <reporter-output>
          </reporter-output>
        </test-method> <!-- afterTest -->
        <test-method status="PASS" signature="afterSuite()[pri:0, instance:testNG.TestNG_Annotations@e2abd]" name="afterSuite" is-config="true" duration-ms="1" started-at="2019-07-25T00:50:47Z" finished-at="2019-07-25T00:50:47Z">
          <reporter-output>
          </reporter-output>
        </test-method> <!-- afterSuite -->
      </class> <!-- testNG.TestNG_Annotations -->
    </test> <!-- Default test -->
  </suite> <!-- Default suite -->
</testng-results>
